<?xml version="1.0" encoding="UTF-8"?>
<!-- Generated by org.testng.reporters.JUnitXMLReporter -->
<testsuite ignored="0" hostname="LAPTOP-NU65OLP3" failures="0" tests="6" name="Default test" time="0.093" errors="0" timestamp="2020-08-12T17:52:47 IST">
  <testcase classname="selenium.Mavenjava.CreditTest" name="cccreation" time="0.016"/>
  <testcase classname="selenium.Mavenjava.CreditTest" name="ccstatus" time="0.002"/>
  <testcase classname="selenium.Mavenjava.DebitTest" name="dccreation" time="0.002"/>
  <testcase classname="selenium.Mavenjava.DebitTest" name="dcstatus" time="0.002"/>
  <testcase classname="selenium.Mavenjava.PrepaidTest" name="pccreation" time="0.002"/>
  <testcase classname="selenium.Mavenjava.PrepaidTest" name="pcstatus" time="0.003"/>
</testsuite> <!-- Default test -->
