<?xml version="1.0" encoding="UTF-8"?>
<!-- Generated by org.testng.reporters.JUnitXMLReporter -->
<testsuite ignored="0" hostname="LAPTOP-NU65OLP3" failures="0" tests="4" name="Test" time="0.078" errors="0" timestamp="2020-08-12T17:56:05 IST">
  <testcase classname="selenium.Mavenjava.CreditTest" name="cccreation" time="0.011"/>
  <testcase classname="selenium.Mavenjava.CreditTest" name="ccstatus" time="0.002"/>
  <testcase classname="selenium.Mavenjava.PrepaidTest" name="pccreation" time="0.002"/>
  <testcase classname="selenium.Mavenjava.PrepaidTest" name="pcstatus" time="0.002"/>
</testsuite> <!-- Test -->
