<?xml version="1.0" encoding="UTF-8"?>
<testng-results ignored="0" total="2" passed="2" failed="0" skipped="0">
  <reporter-output>
  </reporter-output>
  <suite started-at="2020-08-05T10:36:52 IST" name="Suite" finished-at="2020-08-05T10:36:52 IST" duration-ms="60">
    <groups>
    </groups>
    <test started-at="2020-08-05T10:36:52 IST" name="Test" finished-at="2020-08-05T10:36:52 IST" duration-ms="60">
      <class name="selenium.Mavenjava.DebitTest">
        <test-method signature="dccreation()[pri:0, instance:selenium.Mavenjava.DebitTest@78e117e3]" started-at="2020-08-05T10:36:52 IST" name="dccreation" finished-at="2020-08-05T10:36:52 IST" duration-ms="8" status="PASS">
          <reporter-output>
          </reporter-output>
        </test-method> <!-- dccreation -->
        <test-method signature="dcstatus()[pri:0, instance:selenium.Mavenjava.DebitTest@78e117e3]" started-at="2020-08-05T10:36:52 IST" name="dcstatus" finished-at="2020-08-05T10:36:52 IST" duration-ms="0" status="PASS">
          <reporter-output>
          </reporter-output>
        </test-method> <!-- dcstatus -->
      </class> <!-- selenium.Mavenjava.DebitTest -->
    </test> <!-- Test -->
  </suite> <!-- Suite -->
</testng-results>
