<?xml version="1.0" encoding="UTF-8"?>
<testsuite xmlns:xsi="http://www.w3.org/2001/XMLSchema-instance" xsi:noNamespaceSchemaLocation="https://maven.apache.org/surefire/maven-surefire-plugin/xsd/surefire-test-report-3.0.xsd" version="3.0" name="selenium.Mavenjava.CreditTest" time="0.849" tests="2" errors="0" skipped="0" failures="0">
  <properties>
[...]
</properties>
  <testcase name="cccreation" classname="selenium.Mavenjava.CreditTest" time="0.012">
    <system-out><![CDATA[credit card creation
]]></system-out>
  </testcase>
  <testcase name="ccstatus" classname="selenium.Mavenjava.CreditTest" time="0.001">
    <system-out><![CDATA[cc status
]]></system-out>
  </testcase>
</testsuite>