<?xml version="1.0" encoding="UTF-8"?>
<testng-results ignored="0" total="4" passed="4" failed="0" skipped="0">
  <reporter-output>
  </reporter-output>
  <suite started-at="2020-08-12T17:56:05 IST" name="Suite" finished-at="2020-08-12T17:56:05 IST" duration-ms="78">
    <groups>
    </groups>
    <test started-at="2020-08-12T17:56:05 IST" name="Test" finished-at="2020-08-12T17:56:05 IST" duration-ms="78">
      <class name="selenium.Mavenjava.CreditTest">
        <test-method signature="cccreation()[pri:0, instance:selenium.Mavenjava.CreditTest@1dde4cb2]" started-at="2020-08-12T17:56:05 IST" name="cccreation" finished-at="2020-08-12T17:56:05 IST" duration-ms="11" status="PASS">
          <reporter-output>
          </reporter-output>
        </test-method> <!-- cccreation -->
        <test-method signature="ccstatus()[pri:0, instance:selenium.Mavenjava.CreditTest@1dde4cb2]" started-at="2020-08-12T17:56:05 IST" name="ccstatus" finished-at="2020-08-12T17:56:05 IST" duration-ms="2" status="PASS">
          <reporter-output>
          </reporter-output>
        </test-method> <!-- ccstatus -->
      </class> <!-- selenium.Mavenjava.CreditTest -->
      <class name="selenium.Mavenjava.PrepaidTest">
        <test-method signature="pccreation()[pri:0, instance:selenium.Mavenjava.PrepaidTest@7714e963]" started-at="2020-08-12T17:56:05 IST" name="pccreation" finished-at="2020-08-12T17:56:05 IST" duration-ms="2" status="PASS">
          <reporter-output>
          </reporter-output>
        </test-method> <!-- pccreation -->
        <test-method signature="pcstatus()[pri:0, instance:selenium.Mavenjava.PrepaidTest@7714e963]" started-at="2020-08-12T17:56:05 IST" name="pcstatus" finished-at="2020-08-12T17:56:05 IST" duration-ms="2" status="PASS">
          <reporter-output>
          </reporter-output>
        </test-method> <!-- pcstatus -->
      </class> <!-- selenium.Mavenjava.PrepaidTest -->
    </test> <!-- Test -->
  </suite> <!-- Suite -->
</testng-results>
